<?xml version="1.0" encoding="UTF-8"?>
<testng-results ignored="0" total="1" passed="1" failed="0" skipped="0">
  <reporter-output>
  </reporter-output>
  <suite started-at="2023-05-19T09:03:55Z" name="Data Driven Basics" finished-at="2023-05-19T09:04:59Z" duration-ms="63644">
    <groups>
    </groups>
    <test started-at="2023-05-19T09:03:55Z" name="Minnwest transferLoginpage" finished-at="2023-05-19T09:04:59Z" duration-ms="63644">
      <class name="com.minnwest.testcases.Minnwest_Login">
        <test-method is-config="true" signature="setUp()[pri:0, instance:com.minnwest.testcases.Minnwest_Login@4f63e3c7]" started-at="2023-05-19T14:33:47Z" name="setUp" finished-at="2023-05-19T14:33:55Z" duration-ms="8670" status="PASS">
          <reporter-output>
          </reporter-output>
        </test-method> <!-- setUp -->
        <test-method signature="minnwest_Login(java.util.Hashtable)[pri:0, instance:com.minnwest.testcases.Minnwest_Login@4f63e3c7]" started-at="2023-05-19T14:33:55Z" name="minnwest_Login" data-provider="dp" finished-at="2023-05-19T14:34:59Z" duration-ms="63572" status="PASS">
          <params>
            <param index="0">
              <value>
                <![CDATA[{password=Rayudu@123#, Runmode=Y, username=srinivasarayudu}]]>
              </value>
            </param>
          </params>
          <reporter-output>
          </reporter-output>
        </test-method> <!-- minnwest_Login -->
        <test-method is-config="true" signature="tearDown()[pri:0, instance:com.minnwest.testcases.Minnwest_Login@4f63e3c7]" started-at="2023-05-19T14:34:59Z" name="tearDown" finished-at="2023-05-19T14:35:00Z" duration-ms="24" status="PASS">
          <reporter-output>
          </reporter-output>
        </test-method> <!-- tearDown -->
      </class> <!-- com.minnwest.testcases.Minnwest_Login -->
    </test> <!-- Minnwest transferLoginpage -->
  </suite> <!-- Data Driven Basics -->
</testng-results>
